2025-11-24 19:02:30,902 - [INFO] ======================================================================
2025-11-24 19:02:30,902 - [INFO] Converting booking table to TimescaleDB hypertable
2025-11-24 19:02:30,902 - [INFO] ======================================================================
2025-11-24 19:02:30,909 - [INFO] Checking if booking is already a hypertable...
2025-11-24 19:02:30,920 - [INFO] Dropping primary key and unique constraints...
2025-11-24 19:02:30,924 - [INFO] ✓ Constraints dropped
2025-11-24 19:02:30,924 - [INFO] Creating hypertable (this may take a while with migrate_data=true)...
2025-11-24 19:03:11,372 - [INFO] ✓ Hypertable created successfully!
2025-11-24 19:03:11,372 - [INFO] Recreating indexes...
2025-11-24 19:03:11,381 - [ERROR] Conversion failed: column "datecreated" does not exist
Traceback (most recent call last):
  File "/home/ivan/Workspace/pass-culture/pass-culture-main/api/../scripts/convert_to_hypertable.py", line 61, in convert_to_hypertable
    cursor.execute("""
    ~~~~~~~~~~~~~~^^^^
        CREATE INDEX IF NOT EXISTS idx_booking_date_created
        ^^^^^^^^^^^^^^^^^^^^^^^^^^^^^^^^^^^^^^^^^^^^^^^^^^^
        ON booking (dateCreated DESC);
        ^^^^^^^^^^^^^^^^^^^^^^^^^^^^^^
    """)
    ^^^^
psycopg2.errors.UndefinedColumn: column "datecreated" does not exist

