2025-11-24 19:04:26,251 - [INFO] ======================================================================
2025-11-24 19:04:26,251 - [INFO] Converting booking table to TimescaleDB hypertable
2025-11-24 19:04:26,251 - [INFO] ======================================================================
2025-11-24 19:04:26,263 - [INFO] Checking if booking is already a hypertable...
2025-11-24 19:04:26,270 - [INFO] ✓ booking is already a hypertable!
2025-11-24 19:04:26,270 - [INFO] Recreating indexes...
2025-11-24 19:04:27,653 - [INFO] ✓ Indexes recreated
2025-11-24 19:04:27,653 - [INFO]   Note: Token index is non-unique due to TimescaleDB partitioning constraints
2025-11-24 19:04:27,654 - [INFO] Verifying hypertable...
2025-11-24 19:04:27,655 - [INFO] ✓ Verification successful: booking with 1 dimension(s)
2025-11-24 19:04:27,655 - [INFO] Checking chunks...
2025-11-24 19:04:27,657 - [INFO] ✓ Found 5 initial chunks (showing first 5):
2025-11-24 19:04:27,657 - [INFO]   - _hyper_2_1_chunk: 2022-11-24 00:00:00+00:00 to 2022-12-01 00:00:00+00:00
2025-11-24 19:04:27,657 - [INFO]   - _hyper_2_47_chunk: 2022-12-01 00:00:00+00:00 to 2022-12-08 00:00:00+00:00
2025-11-24 19:04:27,657 - [INFO]   - _hyper_2_8_chunk: 2022-12-08 00:00:00+00:00 to 2022-12-15 00:00:00+00:00
2025-11-24 19:04:27,657 - [INFO]   - _hyper_2_24_chunk: 2022-12-15 00:00:00+00:00 to 2022-12-22 00:00:00+00:00
2025-11-24 19:04:27,657 - [INFO]   - _hyper_2_45_chunk: 2022-12-22 00:00:00+00:00 to 2022-12-29 00:00:00+00:00
2025-11-24 19:04:27,657 - [INFO] ======================================================================
2025-11-24 19:04:27,657 - [INFO] ✓ Conversion completed successfully!
2025-11-24 19:04:27,657 - [INFO] ======================================================================
