2025-11-24 18:51:59,149 - [INFO] ======================================================================
2025-11-24 18:51:59,149 - [INFO] TimescaleDB Standalone Seed Script
2025-11-24 18:51:59,149 - [INFO] ======================================================================
2025-11-24 18:51:59,149 - [INFO] Connecting to TimescaleDB...
2025-11-24 18:51:59,156 - [INFO] ======================================================================
2025-11-24 18:51:59,156 - [INFO] Generating Base Entities
2025-11-24 18:51:59,156 - [INFO] ======================================================================
2025-11-24 18:51:59,156 - [INFO] Generating 1,000 users...
2025-11-24 18:51:59,205 - [INFO]   ✓ Created 1,000 users
2025-11-24 18:51:59,205 - [INFO] Generating 1,000 deposits...
2025-11-24 18:51:59,229 - [INFO]   ✓ Created 1,000 deposits
2025-11-24 18:51:59,229 - [INFO] Generating 400 offerers...
2025-11-24 18:51:59,239 - [INFO]   ✓ Created 400 offerers
2025-11-24 18:51:59,239 - [INFO] Generating 400 addresses...
2025-11-24 18:51:59,247 - [INFO]   ✓ Created 400 addresses
2025-11-24 18:51:59,247 - [INFO] Generating 400 offerer_addresses...
2025-11-24 18:51:59,257 - [INFO]   ✓ Created 400 offerer_addresses
2025-11-24 18:51:59,257 - [INFO] Generating 1,000 venues...
2025-11-24 18:51:59,302 - [INFO]   ✓ Created 1,000 venues
2025-11-24 18:51:59,302 - [INFO] Generating 1,000 offers...
2025-11-24 18:51:59,326 - [INFO]   ✓ Created 1,000 offers
2025-11-24 18:51:59,326 - [INFO] Generating 3,000 stocks...
2025-11-24 18:51:59,431 - [INFO]   ✓ Created 1,000 stocks
2025-11-24 18:51:59,431 - [INFO] Generating user_offerer relationships...
2025-11-24 18:51:59,452 - [INFO]   ✓ Created user_offerer relationships
2025-11-24 18:51:59,456 - [INFO] ✓ Base entities created successfully
2025-11-24 18:51:59,456 - [INFO] ======================================================================
2025-11-24 18:51:59,456 - [INFO] Generating Bookings
2025-11-24 18:51:59,456 - [INFO] Target: 2,000,000 | Batch size: 10,000
2025-11-24 18:51:59,456 - [INFO] ======================================================================
2025-11-24 18:51:59,998 - [INFO] Bookings: 10,000/2,000,000 (0.5%) - Rate: 18451/s - ETA: 0:01:47
2025-11-24 18:52:00,560 - [INFO] Bookings: 20,000/2,000,000 (1.0%) - Rate: 18112/s - ETA: 0:01:49
2025-11-24 18:52:01,101 - [INFO] Bookings: 30,000/2,000,000 (1.5%) - Rate: 18242/s - ETA: 0:01:47
2025-11-24 18:52:01,674 - [INFO] Bookings: 40,000/2,000,000 (2.0%) - Rate: 18036/s - ETA: 0:01:48
2025-11-24 18:52:02,238 - [INFO] Bookings: 50,000/2,000,000 (2.5%) - Rate: 17971/s - ETA: 0:01:48
2025-11-24 18:52:02,809 - [INFO] Bookings: 60,000/2,000,000 (3.0%) - Rate: 17898/s - ETA: 0:01:48
2025-11-24 18:52:03,399 - [INFO] Bookings: 70,000/2,000,000 (3.5%) - Rate: 17754/s - ETA: 0:01:48
2025-11-24 18:52:03,974 - [INFO] Bookings: 80,000/2,000,000 (4.0%) - Rate: 17709/s - ETA: 0:01:48
2025-11-24 18:52:04,570 - [INFO] Bookings: 90,000/2,000,000 (4.5%) - Rate: 17600/s - ETA: 0:01:48
2025-11-24 18:52:05,146 - [INFO] Bookings: 100,000/2,000,000 (5.0%) - Rate: 17574/s - ETA: 0:01:48
2025-11-24 18:52:05,749 - [INFO] Bookings: 110,000/2,000,000 (5.5%) - Rate: 17480/s - ETA: 0:01:48
2025-11-24 18:52:06,333 - [INFO] Bookings: 120,000/2,000,000 (6.0%) - Rate: 17451/s - ETA: 0:01:47
2025-11-24 18:52:06,944 - [INFO] Bookings: 130,000/2,000,000 (6.5%) - Rate: 17362/s - ETA: 0:01:47
2025-11-24 18:52:07,540 - [INFO] Bookings: 140,000/2,000,000 (7.0%) - Rate: 17318/s - ETA: 0:01:47
2025-11-24 18:52:08,149 - [INFO] Bookings: 150,000/2,000,000 (7.5%) - Rate: 17255/s - ETA: 0:01:47
2025-11-24 18:52:08,754 - [INFO] Bookings: 160,000/2,000,000 (8.0%) - Rate: 17209/s - ETA: 0:01:46
2025-11-24 18:52:09,338 - [INFO] Bookings: 170,000/2,000,000 (8.5%) - Rate: 17203/s - ETA: 0:01:46
2025-11-24 18:52:09,947 - [INFO] Bookings: 180,000/2,000,000 (9.0%) - Rate: 17158/s - ETA: 0:01:46
2025-11-24 18:52:10,545 - [INFO] Bookings: 190,000/2,000,000 (9.5%) - Rate: 17135/s - ETA: 0:01:45
2025-11-24 18:52:11,156 - [INFO] Bookings: 200,000/2,000,000 (10.0%) - Rate: 17094/s - ETA: 0:01:45
2025-11-24 18:52:11,757 - [INFO] Bookings: 210,000/2,000,000 (10.5%) - Rate: 17073/s - ETA: 0:01:44
2025-11-24 18:52:12,386 - [INFO] Bookings: 220,000/2,000,000 (11.0%) - Rate: 17016/s - ETA: 0:01:44
2025-11-24 18:52:13,006 - [INFO] Bookings: 230,000/2,000,000 (11.5%) - Rate: 16975/s - ETA: 0:01:44
2025-11-24 18:52:13,629 - [INFO] Bookings: 240,000/2,000,000 (12.0%) - Rate: 16934/s - ETA: 0:01:43
2025-11-24 18:52:14,247 - [INFO] Bookings: 250,000/2,000,000 (12.5%) - Rate: 16903/s - ETA: 0:01:43
2025-11-24 18:52:14,852 - [INFO] Bookings: 260,000/2,000,000 (13.0%) - Rate: 16888/s - ETA: 0:01:43
2025-11-24 18:52:15,478 - [INFO] Bookings: 270,000/2,000,000 (13.5%) - Rate: 16852/s - ETA: 0:01:42
2025-11-24 18:52:16,093 - [INFO] Bookings: 280,000/2,000,000 (14.0%) - Rate: 16830/s - ETA: 0:01:42
2025-11-24 18:52:16,722 - [INFO] Bookings: 290,000/2,000,000 (14.5%) - Rate: 16796/s - ETA: 0:01:41
2025-11-24 18:52:17,343 - [INFO] Bookings: 300,000/2,000,000 (15.0%) - Rate: 16772/s - ETA: 0:01:41
2025-11-24 18:52:17,959 - [INFO] Bookings: 310,000/2,000,000 (15.5%) - Rate: 16754/s - ETA: 0:01:40
2025-11-24 18:52:18,579 - [INFO] Bookings: 320,000/2,000,000 (16.0%) - Rate: 16734/s - ETA: 0:01:40
2025-11-24 18:52:19,217 - [INFO] Bookings: 330,000/2,000,000 (16.5%) - Rate: 16699/s - ETA: 0:01:40
2025-11-24 18:52:19,859 - [INFO] Bookings: 340,000/2,000,000 (17.0%) - Rate: 16665/s - ETA: 0:01:39
2025-11-24 18:52:20,479 - [INFO] Bookings: 350,000/2,000,000 (17.5%) - Rate: 16649/s - ETA: 0:01:39
2025-11-24 18:52:21,099 - [INFO] Bookings: 360,000/2,000,000 (18.0%) - Rate: 16634/s - ETA: 0:01:38
2025-11-24 18:52:21,721 - [INFO] Bookings: 370,000/2,000,000 (18.5%) - Rate: 16619/s - ETA: 0:01:38
2025-11-24 18:52:22,347 - [INFO] Bookings: 380,000/2,000,000 (19.0%) - Rate: 16601/s - ETA: 0:01:37
2025-11-24 18:52:22,955 - [INFO] Bookings: 390,000/2,000,000 (19.5%) - Rate: 16597/s - ETA: 0:01:37
2025-11-24 18:52:23,565 - [INFO] Bookings: 400,000/2,000,000 (20.0%) - Rate: 16592/s - ETA: 0:01:36
2025-11-24 18:52:24,175 - [INFO] Bookings: 410,000/2,000,000 (20.5%) - Rate: 16586/s - ETA: 0:01:35
2025-11-24 18:52:24,792 - [INFO] Bookings: 420,000/2,000,000 (21.0%) - Rate: 16577/s - ETA: 0:01:35
2025-11-24 18:52:25,414 - [INFO] Bookings: 430,000/2,000,000 (21.5%) - Rate: 16565/s - ETA: 0:01:34
2025-11-24 18:52:26,057 - [INFO] Bookings: 440,000/2,000,000 (22.0%) - Rate: 16541/s - ETA: 0:01:34
2025-11-24 18:52:26,685 - [INFO] Bookings: 450,000/2,000,000 (22.5%) - Rate: 16527/s - ETA: 0:01:33
2025-11-24 18:52:27,324 - [INFO] Bookings: 460,000/2,000,000 (23.0%) - Rate: 16507/s - ETA: 0:01:33
2025-11-24 18:52:27,946 - [INFO] Bookings: 470,000/2,000,000 (23.5%) - Rate: 16497/s - ETA: 0:01:32
2025-11-24 18:52:28,569 - [INFO] Bookings: 480,000/2,000,000 (24.0%) - Rate: 16488/s - ETA: 0:01:32
2025-11-24 18:52:29,226 - [INFO] Bookings: 490,000/2,000,000 (24.5%) - Rate: 16460/s - ETA: 0:01:31
2025-11-24 18:52:29,873 - [INFO] Bookings: 500,000/2,000,000 (25.0%) - Rate: 16439/s - ETA: 0:01:31
2025-11-24 18:52:30,505 - [INFO] Bookings: 510,000/2,000,000 (25.5%) - Rate: 16426/s - ETA: 0:01:30
2025-11-24 18:52:31,154 - [INFO] Bookings: 520,000/2,000,000 (26.0%) - Rate: 16405/s - ETA: 0:01:30
2025-11-24 18:52:31,772 - [INFO] Bookings: 530,000/2,000,000 (26.5%) - Rate: 16401/s - ETA: 0:01:29
2025-11-24 18:52:32,396 - [INFO] Bookings: 540,000/2,000,000 (27.0%) - Rate: 16394/s - ETA: 0:01:29
2025-11-24 18:52:33,022 - [INFO] Bookings: 550,000/2,000,000 (27.5%) - Rate: 16386/s - ETA: 0:01:28
2025-11-24 18:52:33,640 - [INFO] Bookings: 560,000/2,000,000 (28.0%) - Rate: 16382/s - ETA: 0:01:27
2025-11-24 18:52:34,255 - [INFO] Bookings: 570,000/2,000,000 (28.5%) - Rate: 16380/s - ETA: 0:01:27
2025-11-24 18:52:34,962 - [INFO] Bookings: 580,000/2,000,000 (29.0%) - Rate: 16335/s - ETA: 0:01:26
2025-11-24 18:52:35,613 - [INFO] Bookings: 590,000/2,000,000 (29.5%) - Rate: 16318/s - ETA: 0:01:26
2025-11-24 18:52:36,231 - [INFO] Bookings: 600,000/2,000,000 (30.0%) - Rate: 16316/s - ETA: 0:01:25
2025-11-24 18:52:36,870 - [INFO] Bookings: 610,000/2,000,000 (30.5%) - Rate: 16304/s - ETA: 0:01:25
2025-11-24 18:52:37,509 - [INFO] Bookings: 620,000/2,000,000 (31.0%) - Rate: 16293/s - ETA: 0:01:24
2025-11-24 18:52:38,131 - [INFO] Bookings: 630,000/2,000,000 (31.5%) - Rate: 16290/s - ETA: 0:01:24
2025-11-24 18:52:38,763 - [INFO] Bookings: 640,000/2,000,000 (32.0%) - Rate: 16282/s - ETA: 0:01:23
2025-11-24 18:52:39,379 - [INFO] Bookings: 650,000/2,000,000 (32.5%) - Rate: 16281/s - ETA: 0:01:22
2025-11-24 18:52:40,018 - [INFO] Bookings: 660,000/2,000,000 (33.0%) - Rate: 16271/s - ETA: 0:01:22
2025-11-24 18:52:40,639 - [INFO] Bookings: 670,000/2,000,000 (33.5%) - Rate: 16269/s - ETA: 0:01:21
2025-11-24 18:52:41,270 - [INFO] Bookings: 680,000/2,000,000 (34.0%) - Rate: 16262/s - ETA: 0:01:21
2025-11-24 18:52:41,910 - [INFO] Bookings: 690,000/2,000,000 (34.5%) - Rate: 16253/s - ETA: 0:01:20
2025-11-24 18:52:42,526 - [INFO] Bookings: 700,000/2,000,000 (35.0%) - Rate: 16253/s - ETA: 0:01:19
2025-11-24 18:52:43,156 - [INFO] Bookings: 710,000/2,000,000 (35.5%) - Rate: 16247/s - ETA: 0:01:19
2025-11-24 18:52:43,775 - [INFO] Bookings: 720,000/2,000,000 (36.0%) - Rate: 16246/s - ETA: 0:01:18
2025-11-24 18:52:44,421 - [INFO] Bookings: 730,000/2,000,000 (36.5%) - Rate: 16235/s - ETA: 0:01:18
2025-11-24 18:52:45,037 - [INFO] Bookings: 740,000/2,000,000 (37.0%) - Rate: 16235/s - ETA: 0:01:17
2025-11-24 18:52:45,666 - [INFO] Bookings: 750,000/2,000,000 (37.5%) - Rate: 16230/s - ETA: 0:01:17
2025-11-24 18:52:46,296 - [INFO] Bookings: 760,000/2,000,000 (38.0%) - Rate: 16225/s - ETA: 0:01:16
2025-11-24 18:52:46,917 - [INFO] Bookings: 770,000/2,000,000 (38.5%) - Rate: 16224/s - ETA: 0:01:15
2025-11-24 18:52:47,535 - [INFO] Bookings: 780,000/2,000,000 (39.0%) - Rate: 16223/s - ETA: 0:01:15
2025-11-24 18:52:48,155 - [INFO] Bookings: 790,000/2,000,000 (39.5%) - Rate: 16222/s - ETA: 0:01:14
2025-11-24 18:52:48,786 - [INFO] Bookings: 800,000/2,000,000 (40.0%) - Rate: 16218/s - ETA: 0:01:13
2025-11-24 18:52:49,409 - [INFO] Bookings: 810,000/2,000,000 (40.5%) - Rate: 16215/s - ETA: 0:01:13
2025-11-24 18:52:50,039 - [INFO] Bookings: 820,000/2,000,000 (41.0%) - Rate: 16211/s - ETA: 0:01:12
2025-11-24 18:52:50,655 - [INFO] Bookings: 830,000/2,000,000 (41.5%) - Rate: 16211/s - ETA: 0:01:12
2025-11-24 18:52:51,275 - [INFO] Bookings: 840,000/2,000,000 (42.0%) - Rate: 16210/s - ETA: 0:01:11
2025-11-24 18:52:51,914 - [INFO] Bookings: 850,000/2,000,000 (42.5%) - Rate: 16204/s - ETA: 0:01:10
2025-11-24 18:52:52,549 - [INFO] Bookings: 860,000/2,000,000 (43.0%) - Rate: 16198/s - ETA: 0:01:10
2025-11-24 18:52:53,168 - [INFO] Bookings: 870,000/2,000,000 (43.5%) - Rate: 16198/s - ETA: 0:01:09
2025-11-24 18:52:53,790 - [INFO] Bookings: 880,000/2,000,000 (44.0%) - Rate: 16196/s - ETA: 0:01:09
2025-11-24 18:52:54,409 - [INFO] Bookings: 890,000/2,000,000 (44.5%) - Rate: 16196/s - ETA: 0:01:08
2025-11-24 18:52:55,030 - [INFO] Bookings: 900,000/2,000,000 (45.0%) - Rate: 16195/s - ETA: 0:01:07
2025-11-24 18:52:55,676 - [INFO] Bookings: 910,000/2,000,000 (45.5%) - Rate: 16186/s - ETA: 0:01:07
2025-11-24 18:52:56,295 - [INFO] Bookings: 920,000/2,000,000 (46.0%) - Rate: 16186/s - ETA: 0:01:06
2025-11-24 18:52:56,949 - [INFO] Bookings: 930,000/2,000,000 (46.5%) - Rate: 16176/s - ETA: 0:01:06
2025-11-24 18:52:57,576 - [INFO] Bookings: 940,000/2,000,000 (47.0%) - Rate: 16173/s - ETA: 0:01:05
2025-11-24 18:52:58,200 - [INFO] Bookings: 950,000/2,000,000 (47.5%) - Rate: 16172/s - ETA: 0:01:04
2025-11-24 18:52:58,818 - [INFO] Bookings: 960,000/2,000,000 (48.0%) - Rate: 16172/s - ETA: 0:01:04
2025-11-24 18:52:59,462 - [INFO] Bookings: 970,000/2,000,000 (48.5%) - Rate: 16165/s - ETA: 0:01:03
2025-11-24 18:53:00,091 - [INFO] Bookings: 980,000/2,000,000 (49.0%) - Rate: 16162/s - ETA: 0:01:03
2025-11-24 18:53:00,736 - [INFO] Bookings: 990,000/2,000,000 (49.5%) - Rate: 16155/s - ETA: 0:01:02
2025-11-24 18:53:01,373 - [INFO] Bookings: 1,000,000/2,000,000 (50.0%) - Rate: 16151/s - ETA: 0:01:01
2025-11-24 18:53:02,015 - [INFO] Bookings: 1,010,000/2,000,000 (50.5%) - Rate: 16145/s - ETA: 0:01:01
2025-11-24 18:53:02,634 - [INFO] Bookings: 1,020,000/2,000,000 (51.0%) - Rate: 16145/s - ETA: 0:01:00
2025-11-24 18:53:03,275 - [INFO] Bookings: 1,030,000/2,000,000 (51.5%) - Rate: 16140/s - ETA: 0:01:00
2025-11-24 18:53:03,905 - [INFO] Bookings: 1,040,000/2,000,000 (52.0%) - Rate: 16137/s - ETA: 0:00:59
2025-11-24 18:53:04,535 - [INFO] Bookings: 1,050,000/2,000,000 (52.5%) - Rate: 16134/s - ETA: 0:00:58
2025-11-24 18:53:05,160 - [INFO] Bookings: 1,060,000/2,000,000 (53.0%) - Rate: 16133/s - ETA: 0:00:58
2025-11-24 18:53:05,793 - [INFO] Bookings: 1,070,000/2,000,000 (53.5%) - Rate: 16130/s - ETA: 0:00:57
2025-11-24 18:53:06,419 - [INFO] Bookings: 1,080,000/2,000,000 (54.0%) - Rate: 16128/s - ETA: 0:00:57
2025-11-24 18:53:07,056 - [INFO] Bookings: 1,090,000/2,000,000 (54.5%) - Rate: 16124/s - ETA: 0:00:56
2025-11-24 18:53:07,687 - [INFO] Bookings: 1,100,000/2,000,000 (55.0%) - Rate: 16122/s - ETA: 0:00:55
2025-11-24 18:53:08,328 - [INFO] Bookings: 1,110,000/2,000,000 (55.5%) - Rate: 16117/s - ETA: 0:00:55
2025-11-24 18:53:08,972 - [INFO] Bookings: 1,120,000/2,000,000 (56.0%) - Rate: 16111/s - ETA: 0:00:54
2025-11-24 18:53:09,608 - [INFO] Bookings: 1,130,000/2,000,000 (56.5%) - Rate: 16108/s - ETA: 0:00:54
2025-11-24 18:53:10,305 - [INFO] Bookings: 1,140,000/2,000,000 (57.0%) - Rate: 16091/s - ETA: 0:00:53
2025-11-24 18:53:10,935 - [INFO] Bookings: 1,150,000/2,000,000 (57.5%) - Rate: 16089/s - ETA: 0:00:52
2025-11-24 18:53:11,563 - [INFO] Bookings: 1,160,000/2,000,000 (58.0%) - Rate: 16087/s - ETA: 0:00:52
2025-11-24 18:53:12,188 - [INFO] Bookings: 1,170,000/2,000,000 (58.5%) - Rate: 16087/s - ETA: 0:00:51
2025-11-24 18:53:12,808 - [INFO] Bookings: 1,180,000/2,000,000 (59.0%) - Rate: 16087/s - ETA: 0:00:50
2025-11-24 18:53:13,442 - [INFO] Bookings: 1,190,000/2,000,000 (59.5%) - Rate: 16084/s - ETA: 0:00:50
2025-11-24 18:53:14,076 - [INFO] Bookings: 1,200,000/2,000,000 (60.0%) - Rate: 16082/s - ETA: 0:00:49
2025-11-24 18:53:14,711 - [INFO] Bookings: 1,210,000/2,000,000 (60.5%) - Rate: 16079/s - ETA: 0:00:49
2025-11-24 18:53:15,339 - [INFO] Bookings: 1,220,000/2,000,000 (61.0%) - Rate: 16077/s - ETA: 0:00:48
2025-11-24 18:53:15,973 - [INFO] Bookings: 1,230,000/2,000,000 (61.5%) - Rate: 16075/s - ETA: 0:00:47
2025-11-24 18:53:16,603 - [INFO] Bookings: 1,240,000/2,000,000 (62.0%) - Rate: 16073/s - ETA: 0:00:47
2025-11-24 18:53:17,230 - [INFO] Bookings: 1,250,000/2,000,000 (62.5%) - Rate: 16072/s - ETA: 0:00:46
2025-11-24 18:53:17,857 - [INFO] Bookings: 1,260,000/2,000,000 (63.0%) - Rate: 16071/s - ETA: 0:00:46
2025-11-24 18:53:18,488 - [INFO] Bookings: 1,270,000/2,000,000 (63.5%) - Rate: 16069/s - ETA: 0:00:45
2025-11-24 18:53:19,114 - [INFO] Bookings: 1,280,000/2,000,000 (64.0%) - Rate: 16069/s - ETA: 0:00:44
2025-11-24 18:53:19,745 - [INFO] Bookings: 1,290,000/2,000,000 (64.5%) - Rate: 16067/s - ETA: 0:00:44
2025-11-24 18:53:20,383 - [INFO] Bookings: 1,300,000/2,000,000 (65.0%) - Rate: 16064/s - ETA: 0:00:43
2025-11-24 18:53:21,030 - [INFO] Bookings: 1,310,000/2,000,000 (65.5%) - Rate: 16059/s - ETA: 0:00:42
2025-11-24 18:53:21,664 - [INFO] Bookings: 1,320,000/2,000,000 (66.0%) - Rate: 16057/s - ETA: 0:00:42
2025-11-24 18:53:22,316 - [INFO] Bookings: 1,330,000/2,000,000 (66.5%) - Rate: 16051/s - ETA: 0:00:41
2025-11-24 18:53:22,954 - [INFO] Bookings: 1,340,000/2,000,000 (67.0%) - Rate: 16048/s - ETA: 0:00:41
2025-11-24 18:53:23,590 - [INFO] Bookings: 1,350,000/2,000,000 (67.5%) - Rate: 16046/s - ETA: 0:00:40
2025-11-24 18:53:24,221 - [INFO] Bookings: 1,360,000/2,000,000 (68.0%) - Rate: 16044/s - ETA: 0:00:39
2025-11-24 18:53:24,863 - [INFO] Bookings: 1,370,000/2,000,000 (68.5%) - Rate: 16041/s - ETA: 0:00:39
2025-11-24 18:53:25,502 - [INFO] Bookings: 1,380,000/2,000,000 (69.0%) - Rate: 16038/s - ETA: 0:00:38
2025-11-24 18:53:26,136 - [INFO] Bookings: 1,390,000/2,000,000 (69.5%) - Rate: 16036/s - ETA: 0:00:38
2025-11-24 18:53:26,778 - [INFO] Bookings: 1,400,000/2,000,000 (70.0%) - Rate: 16033/s - ETA: 0:00:37
2025-11-24 18:53:27,421 - [INFO] Bookings: 1,410,000/2,000,000 (70.5%) - Rate: 16029/s - ETA: 0:00:36
2025-11-24 18:53:28,073 - [INFO] Bookings: 1,420,000/2,000,000 (71.0%) - Rate: 16024/s - ETA: 0:00:36
2025-11-24 18:53:28,700 - [INFO] Bookings: 1,430,000/2,000,000 (71.5%) - Rate: 16024/s - ETA: 0:00:35
2025-11-24 18:53:29,328 - [INFO] Bookings: 1,440,000/2,000,000 (72.0%) - Rate: 16023/s - ETA: 0:00:34
2025-11-24 18:53:29,956 - [INFO] Bookings: 1,450,000/2,000,000 (72.5%) - Rate: 16022/s - ETA: 0:00:34
2025-11-24 18:53:30,608 - [INFO] Bookings: 1,460,000/2,000,000 (73.0%) - Rate: 16017/s - ETA: 0:00:33
2025-11-24 18:53:31,248 - [INFO] Bookings: 1,470,000/2,000,000 (73.5%) - Rate: 16014/s - ETA: 0:00:33
2025-11-24 18:53:31,886 - [INFO] Bookings: 1,480,000/2,000,000 (74.0%) - Rate: 16012/s - ETA: 0:00:32
2025-11-24 18:53:32,531 - [INFO] Bookings: 1,490,000/2,000,000 (74.5%) - Rate: 16009/s - ETA: 0:00:31
2025-11-24 18:53:33,170 - [INFO] Bookings: 1,500,000/2,000,000 (75.0%) - Rate: 16006/s - ETA: 0:00:31
2025-11-24 18:53:33,810 - [INFO] Bookings: 1,510,000/2,000,000 (75.5%) - Rate: 16004/s - ETA: 0:00:30
2025-11-24 18:53:34,470 - [INFO] Bookings: 1,520,000/2,000,000 (76.0%) - Rate: 15998/s - ETA: 0:00:30
2025-11-24 18:53:35,133 - [INFO] Bookings: 1,530,000/2,000,000 (76.5%) - Rate: 15991/s - ETA: 0:00:29
2025-11-24 18:53:35,786 - [INFO] Bookings: 1,540,000/2,000,000 (77.0%) - Rate: 15987/s - ETA: 0:00:28
2025-11-24 18:53:36,441 - [INFO] Bookings: 1,550,000/2,000,000 (77.5%) - Rate: 15982/s - ETA: 0:00:28
2025-11-24 18:53:37,113 - [INFO] Bookings: 1,560,000/2,000,000 (78.0%) - Rate: 15974/s - ETA: 0:00:27
2025-11-24 18:53:37,756 - [INFO] Bookings: 1,570,000/2,000,000 (78.5%) - Rate: 15972/s - ETA: 0:00:26
2025-11-24 18:53:38,407 - [INFO] Bookings: 1,580,000/2,000,000 (79.0%) - Rate: 15968/s - ETA: 0:00:26
2025-11-24 18:53:39,064 - [INFO] Bookings: 1,590,000/2,000,000 (79.5%) - Rate: 15963/s - ETA: 0:00:25
2025-11-24 18:53:39,719 - [INFO] Bookings: 1,600,000/2,000,000 (80.0%) - Rate: 15958/s - ETA: 0:00:25
2025-11-24 18:53:40,365 - [INFO] Bookings: 1,610,000/2,000,000 (80.5%) - Rate: 15955/s - ETA: 0:00:24
2025-11-24 18:53:41,024 - [INFO] Bookings: 1,620,000/2,000,000 (81.0%) - Rate: 15950/s - ETA: 0:00:23
2025-11-24 18:53:41,665 - [INFO] Bookings: 1,630,000/2,000,000 (81.5%) - Rate: 15948/s - ETA: 0:00:23
2025-11-24 18:53:42,318 - [INFO] Bookings: 1,640,000/2,000,000 (82.0%) - Rate: 15944/s - ETA: 0:00:22
2025-11-24 18:53:42,979 - [INFO] Bookings: 1,650,000/2,000,000 (82.5%) - Rate: 15938/s - ETA: 0:00:21
2025-11-24 18:53:43,687 - [INFO] Bookings: 1,660,000/2,000,000 (83.0%) - Rate: 15926/s - ETA: 0:00:21
2025-11-24 18:53:44,332 - [INFO] Bookings: 1,670,000/2,000,000 (83.5%) - Rate: 15924/s - ETA: 0:00:20
2025-11-24 18:53:44,972 - [INFO] Bookings: 1,680,000/2,000,000 (84.0%) - Rate: 15922/s - ETA: 0:00:20
2025-11-24 18:53:45,616 - [INFO] Bookings: 1,690,000/2,000,000 (84.5%) - Rate: 15919/s - ETA: 0:00:19
2025-11-24 18:53:46,259 - [INFO] Bookings: 1,700,000/2,000,000 (85.0%) - Rate: 15917/s - ETA: 0:00:18
2025-11-24 18:53:46,900 - [INFO] Bookings: 1,710,000/2,000,000 (85.5%) - Rate: 15915/s - ETA: 0:00:18
2025-11-24 18:53:47,539 - [INFO] Bookings: 1,720,000/2,000,000 (86.0%) - Rate: 15914/s - ETA: 0:00:17
2025-11-24 18:53:48,183 - [INFO] Bookings: 1,730,000/2,000,000 (86.5%) - Rate: 15911/s - ETA: 0:00:16
2025-11-24 18:53:48,836 - [INFO] Bookings: 1,740,000/2,000,000 (87.0%) - Rate: 15908/s - ETA: 0:00:16
2025-11-24 18:53:49,478 - [INFO] Bookings: 1,750,000/2,000,000 (87.5%) - Rate: 15906/s - ETA: 0:00:15
2025-11-24 18:53:50,117 - [INFO] Bookings: 1,760,000/2,000,000 (88.0%) - Rate: 15904/s - ETA: 0:00:15
2025-11-24 18:53:50,752 - [INFO] Bookings: 1,770,000/2,000,000 (88.5%) - Rate: 15904/s - ETA: 0:00:14
2025-11-24 18:53:51,389 - [INFO] Bookings: 1,780,000/2,000,000 (89.0%) - Rate: 15902/s - ETA: 0:00:13
2025-11-24 18:53:52,029 - [INFO] Bookings: 1,790,000/2,000,000 (89.5%) - Rate: 15901/s - ETA: 0:00:13
2025-11-24 18:53:52,665 - [INFO] Bookings: 1,800,000/2,000,000 (90.0%) - Rate: 15900/s - ETA: 0:00:12
2025-11-24 18:53:53,307 - [INFO] Bookings: 1,810,000/2,000,000 (90.5%) - Rate: 15898/s - ETA: 0:00:11
2025-11-24 18:53:53,946 - [INFO] Bookings: 1,820,000/2,000,000 (91.0%) - Rate: 15897/s - ETA: 0:00:11
2025-11-24 18:53:54,592 - [INFO] Bookings: 1,830,000/2,000,000 (91.5%) - Rate: 15894/s - ETA: 0:00:10
2025-11-24 18:53:55,236 - [INFO] Bookings: 1,840,000/2,000,000 (92.0%) - Rate: 15892/s - ETA: 0:00:10
2025-11-24 18:53:55,884 - [INFO] Bookings: 1,850,000/2,000,000 (92.5%) - Rate: 15890/s - ETA: 0:00:09
2025-11-24 18:53:56,540 - [INFO] Bookings: 1,860,000/2,000,000 (93.0%) - Rate: 15886/s - ETA: 0:00:08
2025-11-24 18:53:57,222 - [INFO] Bookings: 1,870,000/2,000,000 (93.5%) - Rate: 15879/s - ETA: 0:00:08
2025-11-24 18:53:57,872 - [INFO] Bookings: 1,880,000/2,000,000 (94.0%) - Rate: 15876/s - ETA: 0:00:07
2025-11-24 18:53:58,522 - [INFO] Bookings: 1,890,000/2,000,000 (94.5%) - Rate: 15874/s - ETA: 0:00:06
2025-11-24 18:53:59,182 - [INFO] Bookings: 1,900,000/2,000,000 (95.0%) - Rate: 15870/s - ETA: 0:00:06
2025-11-24 18:53:59,836 - [INFO] Bookings: 1,910,000/2,000,000 (95.5%) - Rate: 15867/s - ETA: 0:00:05
2025-11-24 18:54:00,481 - [INFO] Bookings: 1,920,000/2,000,000 (96.0%) - Rate: 15865/s - ETA: 0:00:05
2025-11-24 18:54:01,152 - [INFO] Bookings: 1,930,000/2,000,000 (96.5%) - Rate: 15859/s - ETA: 0:00:04
2025-11-24 18:54:01,828 - [INFO] Bookings: 1,940,000/2,000,000 (97.0%) - Rate: 15853/s - ETA: 0:00:03
2025-11-24 18:54:02,487 - [INFO] Bookings: 1,950,000/2,000,000 (97.5%) - Rate: 15850/s - ETA: 0:00:03
2025-11-24 18:54:03,159 - [INFO] Bookings: 1,960,000/2,000,000 (98.0%) - Rate: 15844/s - ETA: 0:00:02
2025-11-24 18:54:03,822 - [INFO] Bookings: 1,970,000/2,000,000 (98.5%) - Rate: 15840/s - ETA: 0:00:01
2025-11-24 18:54:04,479 - [INFO] Bookings: 1,980,000/2,000,000 (99.0%) - Rate: 15837/s - ETA: 0:00:01
2025-11-24 18:54:05,151 - [INFO] Bookings: 1,990,000/2,000,000 (99.5%) - Rate: 15832/s - ETA: 0:00:00
2025-11-24 18:54:05,816 - [INFO] Bookings: 2,000,000/2,000,000 (100.0%) - Rate: 15828/s - ETA: 0:00:00
2025-11-24 18:54:05,816 - [INFO] ✓ Successfully inserted 2,000,000 bookings
2025-11-24 18:54:05,818 - [INFO] ======================================================================
2025-11-24 18:54:05,818 - [INFO] ✓ Seeding completed successfully!
2025-11-24 18:54:05,818 - [INFO] ======================================================================
