2025-11-24 18:46:50,711 - [INFO] ======================================================================
2025-11-24 18:46:50,711 - [INFO] TimescaleDB Standalone Seed Script
2025-11-24 18:46:50,711 - [INFO] ======================================================================
2025-11-24 18:46:50,711 - [INFO] Connecting to TimescaleDB...
2025-11-24 18:46:50,719 - [INFO] ======================================================================
2025-11-24 18:46:50,719 - [INFO] Generating Base Entities
2025-11-24 18:46:50,719 - [INFO] ======================================================================
2025-11-24 18:46:50,719 - [INFO] Generating 2,000 users...
2025-11-24 18:46:50,776 - [INFO]   ✓ Created 1,000 users
2025-11-24 18:46:50,776 - [INFO] Generating 2,000 deposits...
2025-11-24 18:46:50,793 - [INFO]   ✓ Created 1,000 deposits
2025-11-24 18:46:50,793 - [INFO] Generating 400 offerers...
2025-11-24 18:46:50,799 - [INFO]   ✓ Created 400 offerers
2025-11-24 18:46:50,799 - [INFO] Generating 400 addresses...
2025-11-24 18:46:50,804 - [INFO]   ✓ Created 400 addresses
2025-11-24 18:46:50,804 - [INFO] Generating 400 offerer_addresses...
2025-11-24 18:46:50,809 - [INFO]   ✓ Created 400 offerer_addresses
2025-11-24 18:46:50,809 - [INFO] Generating 1,000 venues...
2025-11-24 18:46:50,840 - [INFO]   ✓ Created 1,000 venues
2025-11-24 18:46:50,840 - [INFO] Generating 5,000 offers...
2025-11-24 18:46:50,928 - [INFO]   ✓ Created 1,000 offers
2025-11-24 18:46:50,928 - [INFO] Generating 15,000 stocks...
2025-11-24 18:46:51,214 - [INFO]   ✓ Created 1,000 stocks
2025-11-24 18:46:51,214 - [INFO] Generating user_offerer relationships...
2025-11-24 18:46:51,233 - [INFO]   ✓ Created user_offerer relationships
2025-11-24 18:46:51,254 - [INFO] ✓ Base entities created successfully
2025-11-24 18:46:51,254 - [INFO] ======================================================================
2025-11-24 18:46:51,254 - [INFO] Generating Bookings
2025-11-24 18:46:51,254 - [INFO] Target: 2,000,000 | Batch size: 10,000
2025-11-24 18:46:51,254 - [INFO] ======================================================================
2025-11-24 18:46:51,569 - [INFO] Bookings: 10,000/2,000,000 (0.5%) - Rate: 31773/s - ETA: 0:01:02
2025-11-24 18:46:51,907 - [INFO] Bookings: 20,000/2,000,000 (1.0%) - Rate: 30626/s - ETA: 0:01:04
2025-11-24 18:46:52,225 - [INFO] Bookings: 30,000/2,000,000 (1.5%) - Rate: 30901/s - ETA: 0:01:03
2025-11-24 18:46:52,568 - [INFO] Bookings: 40,000/2,000,000 (2.0%) - Rate: 30446/s - ETA: 0:01:04
2025-11-24 18:46:52,910 - [INFO] Bookings: 50,000/2,000,000 (2.5%) - Rate: 30204/s - ETA: 0:01:04
2025-11-24 18:46:53,259 - [INFO] Bookings: 60,000/2,000,000 (3.0%) - Rate: 29930/s - ETA: 0:01:04
2025-11-24 18:46:53,606 - [INFO] Bookings: 70,000/2,000,000 (3.5%) - Rate: 29768/s - ETA: 0:01:04
2025-11-24 18:46:53,963 - [INFO] Bookings: 80,000/2,000,000 (4.0%) - Rate: 29532/s - ETA: 0:01:05
2025-11-24 18:46:54,306 - [INFO] Bookings: 90,000/2,000,000 (4.5%) - Rate: 29494/s - ETA: 0:01:04
2025-11-24 18:46:54,641 - [INFO] Bookings: 100,000/2,000,000 (5.0%) - Rate: 29524/s - ETA: 0:01:04
2025-11-24 18:46:54,997 - [INFO] Bookings: 110,000/2,000,000 (5.5%) - Rate: 29391/s - ETA: 0:01:04
2025-11-24 18:46:55,346 - [INFO] Bookings: 120,000/2,000,000 (6.0%) - Rate: 29328/s - ETA: 0:01:04
2025-11-24 18:46:55,715 - [INFO] Bookings: 130,000/2,000,000 (6.5%) - Rate: 29145/s - ETA: 0:01:04
2025-11-24 18:46:56,061 - [INFO] Bookings: 140,000/2,000,000 (7.0%) - Rate: 29125/s - ETA: 0:01:03
2025-11-24 18:46:56,421 - [INFO] Bookings: 150,000/2,000,000 (7.5%) - Rate: 29030/s - ETA: 0:01:03
2025-11-24 18:46:56,763 - [INFO] Bookings: 160,000/2,000,000 (8.0%) - Rate: 29043/s - ETA: 0:01:03
2025-11-24 18:46:57,126 - [INFO] Bookings: 170,000/2,000,000 (8.5%) - Rate: 28955/s - ETA: 0:01:03
2025-11-24 18:46:57,501 - [INFO] Bookings: 180,000/2,000,000 (9.0%) - Rate: 28813/s - ETA: 0:01:03
2025-11-24 18:46:57,878 - [INFO] Bookings: 190,000/2,000,000 (9.5%) - Rate: 28687/s - ETA: 0:01:03
2025-11-24 18:46:58,235 - [INFO] Bookings: 200,000/2,000,000 (10.0%) - Rate: 28652/s - ETA: 0:01:02
2025-11-24 18:46:58,592 - [INFO] Bookings: 210,000/2,000,000 (10.5%) - Rate: 28621/s - ETA: 0:01:02
2025-11-24 18:46:58,972 - [INFO] Bookings: 220,000/2,000,000 (11.0%) - Rate: 28507/s - ETA: 0:01:02
2025-11-24 18:46:59,337 - [INFO] Bookings: 230,000/2,000,000 (11.5%) - Rate: 28458/s - ETA: 0:01:02
2025-11-24 18:46:59,724 - [INFO] Bookings: 240,000/2,000,000 (12.0%) - Rate: 28335/s - ETA: 0:01:02
2025-11-24 18:47:00,083 - [INFO] Bookings: 250,000/2,000,000 (12.5%) - Rate: 28318/s - ETA: 0:01:01
2025-11-24 18:47:00,466 - [INFO] Bookings: 260,000/2,000,000 (13.0%) - Rate: 28227/s - ETA: 0:01:01
2025-11-24 18:47:00,850 - [INFO] Bookings: 270,000/2,000,000 (13.5%) - Rate: 28139/s - ETA: 0:01:01
2025-11-24 18:47:01,214 - [INFO] Bookings: 280,000/2,000,000 (14.0%) - Rate: 28113/s - ETA: 0:01:01
2025-11-24 18:47:01,580 - [INFO] Bookings: 290,000/2,000,000 (14.5%) - Rate: 28086/s - ETA: 0:01:00
2025-11-24 18:47:01,951 - [INFO] Bookings: 300,000/2,000,000 (15.0%) - Rate: 28046/s - ETA: 0:01:00
2025-11-24 18:47:02,329 - [INFO] Bookings: 310,000/2,000,000 (15.5%) - Rate: 27993/s - ETA: 0:01:00
2025-11-24 18:47:02,700 - [INFO] Bookings: 320,000/2,000,000 (16.0%) - Rate: 27959/s - ETA: 0:01:00
2025-11-24 18:47:03,072 - [INFO] Bookings: 330,000/2,000,000 (16.5%) - Rate: 27925/s - ETA: 0:00:59
2025-11-24 18:47:03,438 - [INFO] Bookings: 340,000/2,000,000 (17.0%) - Rate: 27907/s - ETA: 0:00:59
2025-11-24 18:47:03,822 - [INFO] Bookings: 350,000/2,000,000 (17.5%) - Rate: 27849/s - ETA: 0:00:59
2025-11-24 18:47:04,207 - [INFO] Bookings: 360,000/2,000,000 (18.0%) - Rate: 27794/s - ETA: 0:00:59
2025-11-24 18:47:04,585 - [INFO] Bookings: 370,000/2,000,000 (18.5%) - Rate: 27756/s - ETA: 0:00:58
2025-11-24 18:47:04,976 - [INFO] Bookings: 380,000/2,000,000 (19.0%) - Rate: 27694/s - ETA: 0:00:58
2025-11-24 18:47:05,340 - [INFO] Bookings: 390,000/2,000,000 (19.5%) - Rate: 27688/s - ETA: 0:00:58
2025-11-24 18:47:05,733 - [INFO] Bookings: 400,000/2,000,000 (20.0%) - Rate: 27626/s - ETA: 0:00:57
2025-11-24 18:47:06,117 - [INFO] Bookings: 410,000/2,000,000 (20.5%) - Rate: 27587/s - ETA: 0:00:57
2025-11-24 18:47:06,492 - [INFO] Bookings: 420,000/2,000,000 (21.0%) - Rate: 27563/s - ETA: 0:00:57
2025-11-24 18:47:06,872 - [INFO] Bookings: 430,000/2,000,000 (21.5%) - Rate: 27533/s - ETA: 0:00:57
2025-11-24 18:47:07,268 - [INFO] Bookings: 440,000/2,000,000 (22.0%) - Rate: 27477/s - ETA: 0:00:56
2025-11-24 18:47:07,665 - [INFO] Bookings: 450,000/2,000,000 (22.5%) - Rate: 27421/s - ETA: 0:00:56
2025-11-24 18:47:08,037 - [INFO] Bookings: 460,000/2,000,000 (23.0%) - Rate: 27409/s - ETA: 0:00:56
2025-11-24 18:47:08,423 - [INFO] Bookings: 470,000/2,000,000 (23.5%) - Rate: 27375/s - ETA: 0:00:55
2025-11-24 18:47:08,800 - [INFO] Bookings: 480,000/2,000,000 (24.0%) - Rate: 27357/s - ETA: 0:00:55
2025-11-24 18:47:09,198 - [INFO] Bookings: 490,000/2,000,000 (24.5%) - Rate: 27308/s - ETA: 0:00:55
2025-11-24 18:47:09,573 - [INFO] Bookings: 500,000/2,000,000 (25.0%) - Rate: 27295/s - ETA: 0:00:54
2025-11-24 18:47:09,973 - [INFO] Bookings: 510,000/2,000,000 (25.5%) - Rate: 27245/s - ETA: 0:00:54
2025-11-24 18:47:10,367 - [INFO] Bookings: 520,000/2,000,000 (26.0%) - Rate: 27207/s - ETA: 0:00:54
2025-11-24 18:47:10,746 - [INFO] Bookings: 530,000/2,000,000 (26.5%) - Rate: 27192/s - ETA: 0:00:54
2025-11-24 18:47:11,173 - [INFO] Bookings: 540,000/2,000,000 (27.0%) - Rate: 27110/s - ETA: 0:00:53
2025-11-24 18:47:11,545 - [INFO] Bookings: 550,000/2,000,000 (27.5%) - Rate: 27106/s - ETA: 0:00:53
2025-11-24 18:47:11,943 - [INFO] Bookings: 560,000/2,000,000 (28.0%) - Rate: 27069/s - ETA: 0:00:53
2025-11-24 18:47:12,401 - [INFO] Bookings: 570,000/2,000,000 (28.5%) - Rate: 26955/s - ETA: 0:00:53
2025-11-24 18:47:12,777 - [INFO] Bookings: 580,000/2,000,000 (29.0%) - Rate: 26949/s - ETA: 0:00:52
2025-11-24 18:47:13,169 - [INFO] Bookings: 590,000/2,000,000 (29.5%) - Rate: 26923/s - ETA: 0:00:52
2025-11-24 18:47:13,532 - [INFO] Bookings: 600,000/2,000,000 (30.0%) - Rate: 26933/s - ETA: 0:00:51
2025-11-24 18:47:13,927 - [INFO] Bookings: 610,000/2,000,000 (30.5%) - Rate: 26905/s - ETA: 0:00:51
2025-11-24 18:47:14,301 - [INFO] Bookings: 620,000/2,000,000 (31.0%) - Rate: 26902/s - ETA: 0:00:51
2025-11-24 18:47:14,697 - [INFO] Bookings: 630,000/2,000,000 (31.5%) - Rate: 26874/s - ETA: 0:00:50
2025-11-24 18:47:15,102 - [INFO] Bookings: 640,000/2,000,000 (32.0%) - Rate: 26837/s - ETA: 0:00:50
2025-11-24 18:47:15,489 - [INFO] Bookings: 650,000/2,000,000 (32.5%) - Rate: 26822/s - ETA: 0:00:50
2025-11-24 18:47:15,959 - [INFO] Bookings: 660,000/2,000,000 (33.0%) - Rate: 26716/s - ETA: 0:00:50
2025-11-24 18:47:16,349 - [INFO] Bookings: 670,000/2,000,000 (33.5%) - Rate: 26698/s - ETA: 0:00:49
2025-11-24 18:47:16,742 - [INFO] Bookings: 680,000/2,000,000 (34.0%) - Rate: 26680/s - ETA: 0:00:49
2025-11-24 18:47:17,133 - [INFO] Bookings: 690,000/2,000,000 (34.5%) - Rate: 26663/s - ETA: 0:00:49
2025-11-24 18:47:17,535 - [INFO] Bookings: 700,000/2,000,000 (35.0%) - Rate: 26635/s - ETA: 0:00:48
2025-11-24 18:47:17,903 - [INFO] Bookings: 710,000/2,000,000 (35.5%) - Rate: 26643/s - ETA: 0:00:48
2025-11-24 18:47:18,295 - [INFO] Bookings: 720,000/2,000,000 (36.0%) - Rate: 26627/s - ETA: 0:00:48
2025-11-24 18:47:18,679 - [INFO] Bookings: 730,000/2,000,000 (36.5%) - Rate: 26618/s - ETA: 0:00:47
2025-11-24 18:47:19,070 - [INFO] Bookings: 740,000/2,000,000 (37.0%) - Rate: 26604/s - ETA: 0:00:47
2025-11-24 18:47:19,467 - [INFO] Bookings: 750,000/2,000,000 (37.5%) - Rate: 26584/s - ETA: 0:00:47
2025-11-24 18:47:19,875 - [INFO] Bookings: 760,000/2,000,000 (38.0%) - Rate: 26554/s - ETA: 0:00:46
2025-11-24 18:47:20,275 - [INFO] Bookings: 770,000/2,000,000 (38.5%) - Rate: 26533/s - ETA: 0:00:46
2025-11-24 18:47:20,654 - [INFO] Bookings: 780,000/2,000,000 (39.0%) - Rate: 26531/s - ETA: 0:00:45
2025-11-24 18:47:21,031 - [INFO] Bookings: 790,000/2,000,000 (39.5%) - Rate: 26531/s - ETA: 0:00:45
2025-11-24 18:47:21,412 - [INFO] Bookings: 800,000/2,000,000 (40.0%) - Rate: 26527/s - ETA: 0:00:45
2025-11-24 18:47:21,795 - [INFO] Bookings: 810,000/2,000,000 (40.5%) - Rate: 26522/s - ETA: 0:00:44
2025-11-24 18:47:22,168 - [INFO] Bookings: 820,000/2,000,000 (41.0%) - Rate: 26526/s - ETA: 0:00:44
2025-11-24 18:47:22,577 - [INFO] Bookings: 830,000/2,000,000 (41.5%) - Rate: 26499/s - ETA: 0:00:44
2025-11-24 18:47:22,947 - [INFO] Bookings: 840,000/2,000,000 (42.0%) - Rate: 26505/s - ETA: 0:00:43
2025-11-24 18:47:23,330 - [INFO] Bookings: 850,000/2,000,000 (42.5%) - Rate: 26500/s - ETA: 0:00:43
2025-11-24 18:47:23,718 - [INFO] Bookings: 860,000/2,000,000 (43.0%) - Rate: 26492/s - ETA: 0:00:43
2025-11-24 18:47:24,094 - [INFO] Bookings: 870,000/2,000,000 (43.5%) - Rate: 26493/s - ETA: 0:00:42
2025-11-24 18:47:24,463 - [INFO] Bookings: 880,000/2,000,000 (44.0%) - Rate: 26499/s - ETA: 0:00:42
2025-11-24 18:47:24,840 - [INFO] Bookings: 890,000/2,000,000 (44.5%) - Rate: 26500/s - ETA: 0:00:41
2025-11-24 18:47:25,225 - [INFO] Bookings: 900,000/2,000,000 (45.0%) - Rate: 26494/s - ETA: 0:00:41
2025-11-24 18:47:25,612 - [INFO] Bookings: 910,000/2,000,000 (45.5%) - Rate: 26486/s - ETA: 0:00:41
2025-11-24 18:47:25,982 - [INFO] Bookings: 920,000/2,000,000 (46.0%) - Rate: 26492/s - ETA: 0:00:40
2025-11-24 18:47:26,357 - [INFO] Bookings: 930,000/2,000,000 (46.5%) - Rate: 26494/s - ETA: 0:00:40
2025-11-24 18:47:26,744 - [INFO] Bookings: 940,000/2,000,000 (47.0%) - Rate: 26487/s - ETA: 0:00:40
2025-11-24 18:47:27,126 - [INFO] Bookings: 950,000/2,000,000 (47.5%) - Rate: 26483/s - ETA: 0:00:39
2025-11-24 18:47:27,524 - [INFO] Bookings: 960,000/2,000,000 (48.0%) - Rate: 26468/s - ETA: 0:00:39
2025-11-24 18:47:27,929 - [INFO] Bookings: 970,000/2,000,000 (48.5%) - Rate: 26449/s - ETA: 0:00:38
2025-11-24 18:47:28,310 - [INFO] Bookings: 980,000/2,000,000 (49.0%) - Rate: 26447/s - ETA: 0:00:38
2025-11-24 18:47:28,697 - [INFO] Bookings: 990,000/2,000,000 (49.5%) - Rate: 26440/s - ETA: 0:00:38
2025-11-24 18:47:29,081 - [INFO] Bookings: 1,000,000/2,000,000 (50.0%) - Rate: 26436/s - ETA: 0:00:37
2025-11-24 18:47:29,456 - [INFO] Bookings: 1,010,000/2,000,000 (50.5%) - Rate: 26439/s - ETA: 0:00:37
2025-11-24 18:47:29,832 - [INFO] Bookings: 1,020,000/2,000,000 (51.0%) - Rate: 26440/s - ETA: 0:00:37
2025-11-24 18:47:30,207 - [INFO] Bookings: 1,030,000/2,000,000 (51.5%) - Rate: 26442/s - ETA: 0:00:36
2025-11-24 18:47:30,597 - [INFO] Bookings: 1,040,000/2,000,000 (52.0%) - Rate: 26434/s - ETA: 0:00:36
2025-11-24 18:47:30,971 - [INFO] Bookings: 1,050,000/2,000,000 (52.5%) - Rate: 26437/s - ETA: 0:00:35
2025-11-24 18:47:31,364 - [INFO] Bookings: 1,060,000/2,000,000 (53.0%) - Rate: 26428/s - ETA: 0:00:35
2025-11-24 18:47:31,753 - [INFO] Bookings: 1,070,000/2,000,000 (53.5%) - Rate: 26421/s - ETA: 0:00:35
2025-11-24 18:47:32,161 - [INFO] Bookings: 1,080,000/2,000,000 (54.0%) - Rate: 26402/s - ETA: 0:00:34
2025-11-24 18:47:32,557 - [INFO] Bookings: 1,090,000/2,000,000 (54.5%) - Rate: 26390/s - ETA: 0:00:34
2025-11-24 18:47:32,929 - [INFO] Bookings: 1,100,000/2,000,000 (55.0%) - Rate: 26395/s - ETA: 0:00:34
2025-11-24 18:47:33,311 - [INFO] Bookings: 1,110,000/2,000,000 (55.5%) - Rate: 26393/s - ETA: 0:00:33
2025-11-24 18:47:33,737 - [INFO] Bookings: 1,120,000/2,000,000 (56.0%) - Rate: 26364/s - ETA: 0:00:33
2025-11-24 18:47:34,127 - [INFO] Bookings: 1,130,000/2,000,000 (56.5%) - Rate: 26357/s - ETA: 0:00:33
2025-11-24 18:47:34,498 - [INFO] Bookings: 1,140,000/2,000,000 (57.0%) - Rate: 26362/s - ETA: 0:00:32
2025-11-24 18:47:34,879 - [INFO] Bookings: 1,150,000/2,000,000 (57.5%) - Rate: 26361/s - ETA: 0:00:32
2025-11-24 18:47:35,251 - [INFO] Bookings: 1,160,000/2,000,000 (58.0%) - Rate: 26366/s - ETA: 0:00:31
2025-11-24 18:47:35,622 - [INFO] Bookings: 1,170,000/2,000,000 (58.5%) - Rate: 26371/s - ETA: 0:00:31
2025-11-24 18:47:35,997 - [INFO] Bookings: 1,180,000/2,000,000 (59.0%) - Rate: 26373/s - ETA: 0:00:31
2025-11-24 18:47:36,371 - [INFO] Bookings: 1,190,000/2,000,000 (59.5%) - Rate: 26376/s - ETA: 0:00:30
2025-11-24 18:47:36,746 - [INFO] Bookings: 1,200,000/2,000,000 (60.0%) - Rate: 26378/s - ETA: 0:00:30
2025-11-24 18:47:37,113 - [INFO] Bookings: 1,210,000/2,000,000 (60.5%) - Rate: 26385/s - ETA: 0:00:29
2025-11-24 18:47:37,485 - [INFO] Bookings: 1,220,000/2,000,000 (61.0%) - Rate: 26389/s - ETA: 0:00:29
2025-11-24 18:47:37,857 - [INFO] Bookings: 1,230,000/2,000,000 (61.5%) - Rate: 26393/s - ETA: 0:00:29
2025-11-24 18:47:38,228 - [INFO] Bookings: 1,240,000/2,000,000 (62.0%) - Rate: 26398/s - ETA: 0:00:28
2025-11-24 18:47:38,604 - [INFO] Bookings: 1,250,000/2,000,000 (62.5%) - Rate: 26399/s - ETA: 0:00:28
2025-11-24 18:47:38,986 - [INFO] Bookings: 1,260,000/2,000,000 (63.0%) - Rate: 26397/s - ETA: 0:00:28
2025-11-24 18:47:39,368 - [INFO] Bookings: 1,270,000/2,000,000 (63.5%) - Rate: 26396/s - ETA: 0:00:27
2025-11-24 18:47:39,759 - [INFO] Bookings: 1,280,000/2,000,000 (64.0%) - Rate: 26389/s - ETA: 0:00:27
2025-11-24 18:47:40,137 - [INFO] Bookings: 1,290,000/2,000,000 (64.5%) - Rate: 26390/s - ETA: 0:00:26
2025-11-24 18:47:40,511 - [INFO] Bookings: 1,300,000/2,000,000 (65.0%) - Rate: 26392/s - ETA: 0:00:26
2025-11-24 18:47:40,896 - [INFO] Bookings: 1,310,000/2,000,000 (65.5%) - Rate: 26389/s - ETA: 0:00:26
2025-11-24 18:47:41,273 - [INFO] Bookings: 1,320,000/2,000,000 (66.0%) - Rate: 26390/s - ETA: 0:00:25
2025-11-24 18:47:41,657 - [INFO] Bookings: 1,330,000/2,000,000 (66.5%) - Rate: 26388/s - ETA: 0:00:25
2025-11-24 18:47:42,037 - [INFO] Bookings: 1,340,000/2,000,000 (67.0%) - Rate: 26387/s - ETA: 0:00:25
2025-11-24 18:47:42,418 - [INFO] Bookings: 1,350,000/2,000,000 (67.5%) - Rate: 26386/s - ETA: 0:00:24
2025-11-24 18:47:42,801 - [INFO] Bookings: 1,360,000/2,000,000 (68.0%) - Rate: 26384/s - ETA: 0:00:24
2025-11-24 18:47:43,177 - [INFO] Bookings: 1,370,000/2,000,000 (68.5%) - Rate: 26385/s - ETA: 0:00:23
2025-11-24 18:47:43,555 - [INFO] Bookings: 1,380,000/2,000,000 (69.0%) - Rate: 26386/s - ETA: 0:00:23
2025-11-24 18:47:43,930 - [INFO] Bookings: 1,390,000/2,000,000 (69.5%) - Rate: 26388/s - ETA: 0:00:23
2025-11-24 18:47:44,307 - [INFO] Bookings: 1,400,000/2,000,000 (70.0%) - Rate: 26389/s - ETA: 0:00:22
2025-11-24 18:47:44,687 - [INFO] Bookings: 1,410,000/2,000,000 (70.5%) - Rate: 26389/s - ETA: 0:00:22
2025-11-24 18:47:45,064 - [INFO] Bookings: 1,420,000/2,000,000 (71.0%) - Rate: 26389/s - ETA: 0:00:21
2025-11-24 18:47:45,452 - [INFO] Bookings: 1,430,000/2,000,000 (71.5%) - Rate: 26385/s - ETA: 0:00:21
2025-11-24 18:47:45,847 - [INFO] Bookings: 1,440,000/2,000,000 (72.0%) - Rate: 26377/s - ETA: 0:00:21
2025-11-24 18:47:46,246 - [INFO] Bookings: 1,450,000/2,000,000 (72.5%) - Rate: 26368/s - ETA: 0:00:20
2025-11-24 18:47:46,640 - [INFO] Bookings: 1,460,000/2,000,000 (73.0%) - Rate: 26361/s - ETA: 0:00:20
2025-11-24 18:47:47,019 - [INFO] Bookings: 1,470,000/2,000,000 (73.5%) - Rate: 26361/s - ETA: 0:00:20
2025-11-24 18:47:47,400 - [INFO] Bookings: 1,480,000/2,000,000 (74.0%) - Rate: 26360/s - ETA: 0:00:19
2025-11-24 18:47:47,781 - [INFO] Bookings: 1,490,000/2,000,000 (74.5%) - Rate: 26359/s - ETA: 0:00:19
2025-11-24 18:47:48,177 - [INFO] Bookings: 1,500,000/2,000,000 (75.0%) - Rate: 26351/s - ETA: 0:00:18
2025-11-24 18:47:48,570 - [INFO] Bookings: 1,510,000/2,000,000 (75.5%) - Rate: 26346/s - ETA: 0:00:18
2025-11-24 18:47:48,964 - [INFO] Bookings: 1,520,000/2,000,000 (76.0%) - Rate: 26339/s - ETA: 0:00:18
2025-11-24 18:47:49,373 - [INFO] Bookings: 1,530,000/2,000,000 (76.5%) - Rate: 26325/s - ETA: 0:00:17
2025-11-24 18:47:49,760 - [INFO] Bookings: 1,540,000/2,000,000 (77.0%) - Rate: 26322/s - ETA: 0:00:17
2025-11-24 18:47:50,174 - [INFO] Bookings: 1,550,000/2,000,000 (77.5%) - Rate: 26307/s - ETA: 0:00:17
2025-11-24 18:47:50,581 - [INFO] Bookings: 1,560,000/2,000,000 (78.0%) - Rate: 26295/s - ETA: 0:00:16
2025-11-24 18:47:50,991 - [INFO] Bookings: 1,570,000/2,000,000 (78.5%) - Rate: 26282/s - ETA: 0:00:16
2025-11-24 18:47:51,400 - [INFO] Bookings: 1,580,000/2,000,000 (79.0%) - Rate: 26270/s - ETA: 0:00:15
2025-11-24 18:47:51,815 - [INFO] Bookings: 1,590,000/2,000,000 (79.5%) - Rate: 26255/s - ETA: 0:00:15
2025-11-24 18:47:52,216 - [INFO] Bookings: 1,600,000/2,000,000 (80.0%) - Rate: 26246/s - ETA: 0:00:15
2025-11-24 18:47:52,618 - [INFO] Bookings: 1,610,000/2,000,000 (80.5%) - Rate: 26237/s - ETA: 0:00:14
2025-11-24 18:47:53,021 - [INFO] Bookings: 1,620,000/2,000,000 (81.0%) - Rate: 26228/s - ETA: 0:00:14
2025-11-24 18:47:53,442 - [INFO] Bookings: 1,630,000/2,000,000 (81.5%) - Rate: 26211/s - ETA: 0:00:14
2025-11-24 18:47:53,895 - [INFO] Bookings: 1,640,000/2,000,000 (82.0%) - Rate: 26181/s - ETA: 0:00:13
2025-11-24 18:47:54,327 - [INFO] Bookings: 1,650,000/2,000,000 (82.5%) - Rate: 26160/s - ETA: 0:00:13
2025-11-24 18:47:54,720 - [INFO] Bookings: 1,660,000/2,000,000 (83.0%) - Rate: 26156/s - ETA: 0:00:12
2025-11-24 18:47:55,101 - [INFO] Bookings: 1,670,000/2,000,000 (83.5%) - Rate: 26156/s - ETA: 0:00:12
2025-11-24 18:47:55,489 - [INFO] Bookings: 1,680,000/2,000,000 (84.0%) - Rate: 26154/s - ETA: 0:00:12
2025-11-24 18:47:55,883 - [INFO] Bookings: 1,690,000/2,000,000 (84.5%) - Rate: 26149/s - ETA: 0:00:11
2025-11-24 18:47:56,267 - [INFO] Bookings: 1,700,000/2,000,000 (85.0%) - Rate: 26149/s - ETA: 0:00:11
2025-11-24 18:47:56,656 - [INFO] Bookings: 1,710,000/2,000,000 (85.5%) - Rate: 26146/s - ETA: 0:00:11
2025-11-24 18:47:57,043 - [INFO] Bookings: 1,720,000/2,000,000 (86.0%) - Rate: 26144/s - ETA: 0:00:10
2025-11-24 18:47:57,430 - [INFO] Bookings: 1,730,000/2,000,000 (86.5%) - Rate: 26143/s - ETA: 0:00:10
2025-11-24 18:47:57,830 - [INFO] Bookings: 1,740,000/2,000,000 (87.0%) - Rate: 26136/s - ETA: 0:00:09
2025-11-24 18:47:58,222 - [INFO] Bookings: 1,750,000/2,000,000 (87.5%) - Rate: 26132/s - ETA: 0:00:09
2025-11-24 18:47:58,615 - [INFO] Bookings: 1,760,000/2,000,000 (88.0%) - Rate: 26128/s - ETA: 0:00:09
2025-11-24 18:47:59,007 - [INFO] Bookings: 1,770,000/2,000,000 (88.5%) - Rate: 26124/s - ETA: 0:00:08
2025-11-24 18:47:59,390 - [INFO] Bookings: 1,780,000/2,000,000 (89.0%) - Rate: 26124/s - ETA: 0:00:08
2025-11-24 18:47:59,784 - [INFO] Bookings: 1,790,000/2,000,000 (89.5%) - Rate: 26120/s - ETA: 0:00:08
2025-11-24 18:48:00,175 - [INFO] Bookings: 1,800,000/2,000,000 (90.0%) - Rate: 26117/s - ETA: 0:00:07
2025-11-24 18:48:00,577 - [INFO] Bookings: 1,810,000/2,000,000 (90.5%) - Rate: 26110/s - ETA: 0:00:07
2025-11-24 18:48:00,967 - [INFO] Bookings: 1,820,000/2,000,000 (91.0%) - Rate: 26107/s - ETA: 0:00:06
2025-11-24 18:48:01,372 - [INFO] Bookings: 1,830,000/2,000,000 (91.5%) - Rate: 26099/s - ETA: 0:00:06
2025-11-24 18:48:01,793 - [INFO] Bookings: 1,840,000/2,000,000 (92.0%) - Rate: 26085/s - ETA: 0:00:06
2025-11-24 18:48:02,200 - [INFO] Bookings: 1,850,000/2,000,000 (92.5%) - Rate: 26076/s - ETA: 0:00:05
2025-11-24 18:48:02,621 - [INFO] Bookings: 1,860,000/2,000,000 (93.0%) - Rate: 26063/s - ETA: 0:00:05
2025-11-24 18:48:03,074 - [INFO] Bookings: 1,870,000/2,000,000 (93.5%) - Rate: 26037/s - ETA: 0:00:04
2025-11-24 18:48:03,473 - [INFO] Bookings: 1,880,000/2,000,000 (94.0%) - Rate: 26032/s - ETA: 0:00:04
2025-11-24 18:48:03,873 - [INFO] Bookings: 1,890,000/2,000,000 (94.5%) - Rate: 26026/s - ETA: 0:00:04
2025-11-24 18:48:04,276 - [INFO] Bookings: 1,900,000/2,000,000 (95.0%) - Rate: 26020/s - ETA: 0:00:03
2025-11-24 18:48:04,694 - [INFO] Bookings: 1,910,000/2,000,000 (95.5%) - Rate: 26008/s - ETA: 0:00:03
2025-11-24 18:48:05,117 - [INFO] Bookings: 1,920,000/2,000,000 (96.0%) - Rate: 25994/s - ETA: 0:00:03
2025-11-24 18:48:05,529 - [INFO] Bookings: 1,930,000/2,000,000 (96.5%) - Rate: 25985/s - ETA: 0:00:02
2025-11-24 18:48:05,946 - [INFO] Bookings: 1,940,000/2,000,000 (97.0%) - Rate: 25973/s - ETA: 0:00:02
2025-11-24 18:48:06,358 - [INFO] Bookings: 1,950,000/2,000,000 (97.5%) - Rate: 25964/s - ETA: 0:00:01
2025-11-24 18:48:06,768 - [INFO] Bookings: 1,960,000/2,000,000 (98.0%) - Rate: 25956/s - ETA: 0:00:01
2025-11-24 18:48:07,157 - [INFO] Bookings: 1,970,000/2,000,000 (98.5%) - Rate: 25954/s - ETA: 0:00:01
2025-11-24 18:48:07,553 - [INFO] Bookings: 1,980,000/2,000,000 (99.0%) - Rate: 25951/s - ETA: 0:00:00
2025-11-24 18:48:07,945 - [INFO] Bookings: 1,990,000/2,000,000 (99.5%) - Rate: 25949/s - ETA: 0:00:00
2025-11-24 18:48:08,380 - [INFO] Bookings: 2,000,000/2,000,000 (100.0%) - Rate: 25932/s - ETA: 0:00:00
2025-11-24 18:48:08,380 - [INFO] ✓ Successfully inserted 2,000,000 bookings
2025-11-24 18:48:08,381 - [INFO] ======================================================================
2025-11-24 18:48:08,381 - [INFO] ✓ Seeding completed successfully!
2025-11-24 18:48:08,381 - [INFO] ======================================================================
