2025-11-24 18:42:45,811 - [INFO] ======================================================================
2025-11-24 18:42:45,811 - [INFO] TimescaleDB Standalone Seed Script
2025-11-24 18:42:45,811 - [INFO] ======================================================================
2025-11-24 18:42:45,811 - [INFO] Connecting to TimescaleDB...
2025-11-24 18:42:45,819 - [INFO] ======================================================================
2025-11-24 18:42:45,819 - [INFO] Generating Base Entities
2025-11-24 18:42:45,819 - [INFO] ======================================================================
2025-11-24 18:42:45,819 - [INFO] Generating 2,000 users...
2025-11-24 18:42:45,875 - [INFO]   ✓ Created 1,000 users
2025-11-24 18:42:45,875 - [INFO] Generating 2,000 deposits...
2025-11-24 18:42:45,892 - [INFO]   ✓ Created 1,000 deposits
2025-11-24 18:42:45,892 - [INFO] Generating 400 offerers...
2025-11-24 18:42:45,898 - [INFO]   ✓ Created 400 offerers
2025-11-24 18:42:45,898 - [INFO] Generating 400 addresses...
2025-11-24 18:42:45,904 - [INFO]   ✓ Created 400 addresses
2025-11-24 18:42:45,904 - [INFO] Generating 400 offerer_addresses...
2025-11-24 18:42:45,915 - [INFO]   ✓ Created 400 offerer_addresses
2025-11-24 18:42:45,915 - [INFO] Generating 1,000 venues...
2025-11-24 18:42:45,961 - [INFO]   ✓ Created 1,000 venues
2025-11-24 18:42:45,961 - [INFO] Generating 5,000 offers...
2025-11-24 18:42:46,038 - [INFO]   ✓ Created 1,000 offers
2025-11-24 18:42:46,039 - [INFO] Generating 15,000 stocks...
2025-11-24 18:42:46,349 - [INFO]   ✓ Created 1,000 stocks
2025-11-24 18:42:46,349 - [INFO] Generating user_offerer relationships...
2025-11-24 18:42:46,379 - [INFO]   ✓ Created user_offerer relationships
2025-11-24 18:42:46,383 - [INFO] ✓ Base entities created successfully
2025-11-24 18:42:46,383 - [INFO] ======================================================================
2025-11-24 18:42:46,383 - [INFO] Generating Bookings
2025-11-24 18:42:46,383 - [INFO] Target: 1,000,000 | Batch size: 10,000
2025-11-24 18:42:46,383 - [INFO] ======================================================================
2025-11-24 18:42:46,749 - [INFO] Bookings: 10,000/1,000,000 (1.0%) - Rate: 27348/s - ETA: 0:00:36
2025-11-24 18:42:47,138 - [INFO] Bookings: 20,000/1,000,000 (2.0%) - Rate: 26484/s - ETA: 0:00:37
2025-11-24 18:42:47,546 - [INFO] Bookings: 30,000/1,000,000 (3.0%) - Rate: 25802/s - ETA: 0:00:37
2025-11-24 18:42:47,956 - [INFO] Bookings: 40,000/1,000,000 (4.0%) - Rate: 25438/s - ETA: 0:00:37
2025-11-24 18:42:48,357 - [INFO] Bookings: 50,000/1,000,000 (5.0%) - Rate: 25336/s - ETA: 0:00:37
2025-11-24 18:42:48,740 - [INFO] Bookings: 60,000/1,000,000 (6.0%) - Rate: 25458/s - ETA: 0:00:36
2025-11-24 18:42:49,131 - [INFO] Bookings: 70,000/1,000,000 (7.0%) - Rate: 25473/s - ETA: 0:00:36
2025-11-24 18:42:49,520 - [INFO] Bookings: 80,000/1,000,000 (8.0%) - Rate: 25501/s - ETA: 0:00:36
2025-11-24 18:42:49,935 - [INFO] Bookings: 90,000/1,000,000 (9.0%) - Rate: 25336/s - ETA: 0:00:35
2025-11-24 18:42:50,334 - [INFO] Bookings: 100,000/1,000,000 (10.0%) - Rate: 25314/s - ETA: 0:00:35
2025-11-24 18:42:50,744 - [INFO] Bookings: 110,000/1,000,000 (11.0%) - Rate: 25226/s - ETA: 0:00:35
2025-11-24 18:42:51,180 - [INFO] Bookings: 120,000/1,000,000 (12.0%) - Rate: 25019/s - ETA: 0:00:35
2025-11-24 18:42:51,590 - [INFO] Bookings: 130,000/1,000,000 (13.0%) - Rate: 24966/s - ETA: 0:00:34
2025-11-24 18:42:52,013 - [INFO] Bookings: 140,000/1,000,000 (14.0%) - Rate: 24868/s - ETA: 0:00:34
2025-11-24 18:42:52,458 - [INFO] Bookings: 150,000/1,000,000 (15.0%) - Rate: 24694/s - ETA: 0:00:34
2025-11-24 18:42:52,872 - [INFO] Bookings: 160,000/1,000,000 (16.0%) - Rate: 24656/s - ETA: 0:00:34
2025-11-24 18:42:53,277 - [INFO] Bookings: 170,000/1,000,000 (17.0%) - Rate: 24661/s - ETA: 0:00:33
2025-11-24 18:42:53,701 - [INFO] Bookings: 180,000/1,000,000 (18.0%) - Rate: 24596/s - ETA: 0:00:33
2025-11-24 18:42:54,096 - [INFO] Bookings: 190,000/1,000,000 (19.0%) - Rate: 24634/s - ETA: 0:00:32
2025-11-24 18:42:54,521 - [INFO] Bookings: 200,000/1,000,000 (20.0%) - Rate: 24576/s - ETA: 0:00:32
2025-11-24 18:42:54,939 - [INFO] Bookings: 210,000/1,000,000 (21.0%) - Rate: 24546/s - ETA: 0:00:32
2025-11-24 18:42:55,378 - [INFO] Bookings: 220,000/1,000,000 (22.0%) - Rate: 24460/s - ETA: 0:00:31
2025-11-24 18:42:55,816 - [INFO] Bookings: 230,000/1,000,000 (23.0%) - Rate: 24383/s - ETA: 0:00:31
2025-11-24 18:42:56,225 - [INFO] Bookings: 240,000/1,000,000 (24.0%) - Rate: 24386/s - ETA: 0:00:31
2025-11-24 18:42:56,659 - [INFO] Bookings: 250,000/1,000,000 (25.0%) - Rate: 24329/s - ETA: 0:00:30
2025-11-24 18:42:57,080 - [INFO] Bookings: 260,000/1,000,000 (26.0%) - Rate: 24306/s - ETA: 0:00:30
2025-11-24 18:42:57,510 - [INFO] Bookings: 270,000/1,000,000 (27.0%) - Rate: 24265/s - ETA: 0:00:30
2025-11-24 18:42:57,922 - [INFO] Bookings: 280,000/1,000,000 (28.0%) - Rate: 24267/s - ETA: 0:00:29
2025-11-24 18:42:58,361 - [INFO] Bookings: 290,000/1,000,000 (29.0%) - Rate: 24211/s - ETA: 0:00:29
2025-11-24 18:42:58,772 - [INFO] Bookings: 300,000/1,000,000 (30.0%) - Rate: 24215/s - ETA: 0:00:28
2025-11-24 18:42:59,207 - [INFO] Bookings: 310,000/1,000,000 (31.0%) - Rate: 24173/s - ETA: 0:00:28
2025-11-24 18:42:59,643 - [INFO] Bookings: 320,000/1,000,000 (32.0%) - Rate: 24132/s - ETA: 0:00:28
2025-11-24 18:43:00,062 - [INFO] Bookings: 330,000/1,000,000 (33.0%) - Rate: 24125/s - ETA: 0:00:27
2025-11-24 18:43:00,488 - [INFO] Bookings: 340,000/1,000,000 (34.0%) - Rate: 24105/s - ETA: 0:00:27
2025-11-24 18:43:00,903 - [INFO] Bookings: 350,000/1,000,000 (35.0%) - Rate: 24105/s - ETA: 0:00:26
2025-11-24 18:43:01,336 - [INFO] Bookings: 360,000/1,000,000 (36.0%) - Rate: 24075/s - ETA: 0:00:26
2025-11-24 18:43:01,748 - [INFO] Bookings: 370,000/1,000,000 (37.0%) - Rate: 24080/s - ETA: 0:00:26
2025-11-24 18:43:02,200 - [INFO] Bookings: 380,000/1,000,000 (38.0%) - Rate: 24024/s - ETA: 0:00:25
2025-11-24 18:43:02,622 - [INFO] Bookings: 390,000/1,000,000 (39.0%) - Rate: 24017/s - ETA: 0:00:25
2025-11-24 18:43:03,064 - [INFO] Bookings: 400,000/1,000,000 (40.0%) - Rate: 23979/s - ETA: 0:00:25
2025-11-24 18:43:03,489 - [INFO] Bookings: 410,000/1,000,000 (41.0%) - Rate: 23969/s - ETA: 0:00:24
2025-11-24 18:43:03,937 - [INFO] Bookings: 420,000/1,000,000 (42.0%) - Rate: 23926/s - ETA: 0:00:24
2025-11-24 18:43:04,414 - [INFO] Bookings: 430,000/1,000,000 (43.0%) - Rate: 23849/s - ETA: 0:00:23
2025-11-24 18:43:04,832 - [INFO] Bookings: 440,000/1,000,000 (44.0%) - Rate: 23850/s - ETA: 0:00:23
2025-11-24 18:43:05,269 - [INFO] Bookings: 450,000/1,000,000 (45.0%) - Rate: 23828/s - ETA: 0:00:23
2025-11-24 18:43:05,687 - [INFO] Bookings: 460,000/1,000,000 (46.0%) - Rate: 23830/s - ETA: 0:00:22
2025-11-24 18:43:06,131 - [INFO] Bookings: 470,000/1,000,000 (47.0%) - Rate: 23801/s - ETA: 0:00:22
2025-11-24 18:43:06,554 - [INFO] Bookings: 480,000/1,000,000 (48.0%) - Rate: 23797/s - ETA: 0:00:21
2025-11-24 18:43:06,999 - [INFO] Bookings: 490,000/1,000,000 (49.0%) - Rate: 23768/s - ETA: 0:00:21
2025-11-24 18:43:07,449 - [INFO] Bookings: 500,000/1,000,000 (50.0%) - Rate: 23735/s - ETA: 0:00:21
2025-11-24 18:43:07,887 - [INFO] Bookings: 510,000/1,000,000 (51.0%) - Rate: 23717/s - ETA: 0:00:20
2025-11-24 18:43:08,320 - [INFO] Bookings: 520,000/1,000,000 (52.0%) - Rate: 23705/s - ETA: 0:00:20
2025-11-24 18:43:08,791 - [INFO] Bookings: 530,000/1,000,000 (53.0%) - Rate: 23652/s - ETA: 0:00:19
2025-11-24 18:43:09,226 - [INFO] Bookings: 540,000/1,000,000 (54.0%) - Rate: 23640/s - ETA: 0:00:19
2025-11-24 18:43:09,679 - [INFO] Bookings: 550,000/1,000,000 (55.0%) - Rate: 23609/s - ETA: 0:00:19
2025-11-24 18:43:10,102 - [INFO] Bookings: 560,000/1,000,000 (56.0%) - Rate: 23610/s - ETA: 0:00:18
2025-11-24 18:43:10,548 - [INFO] Bookings: 570,000/1,000,000 (57.0%) - Rate: 23588/s - ETA: 0:00:18
2025-11-24 18:43:10,978 - [INFO] Bookings: 580,000/1,000,000 (58.0%) - Rate: 23583/s - ETA: 0:00:17
2025-11-24 18:43:11,428 - [INFO] Bookings: 590,000/1,000,000 (59.0%) - Rate: 23558/s - ETA: 0:00:17
2025-11-24 18:43:11,855 - [INFO] Bookings: 600,000/1,000,000 (60.0%) - Rate: 23555/s - ETA: 0:00:16
2025-11-24 18:43:12,307 - [INFO] Bookings: 610,000/1,000,000 (61.0%) - Rate: 23530/s - ETA: 0:00:16
2025-11-24 18:43:12,764 - [INFO] Bookings: 620,000/1,000,000 (62.0%) - Rate: 23502/s - ETA: 0:00:16
2025-11-24 18:43:13,210 - [INFO] Bookings: 630,000/1,000,000 (63.0%) - Rate: 23484/s - ETA: 0:00:15
2025-11-24 18:43:13,644 - [INFO] Bookings: 640,000/1,000,000 (64.0%) - Rate: 23477/s - ETA: 0:00:15
2025-11-24 18:43:14,102 - [INFO] Bookings: 650,000/1,000,000 (65.0%) - Rate: 23450/s - ETA: 0:00:14
2025-11-24 18:43:14,558 - [INFO] Bookings: 660,000/1,000,000 (66.0%) - Rate: 23426/s - ETA: 0:00:14
2025-11-24 18:43:15,005 - [INFO] Bookings: 670,000/1,000,000 (67.0%) - Rate: 23409/s - ETA: 0:00:14
2025-11-24 18:43:15,449 - [INFO] Bookings: 680,000/1,000,000 (68.0%) - Rate: 23395/s - ETA: 0:00:13
2025-11-24 18:43:15,888 - [INFO] Bookings: 690,000/1,000,000 (69.0%) - Rate: 23386/s - ETA: 0:00:13
2025-11-24 18:43:16,322 - [INFO] Bookings: 700,000/1,000,000 (70.0%) - Rate: 23381/s - ETA: 0:00:12
2025-11-24 18:43:16,759 - [INFO] Bookings: 710,000/1,000,000 (71.0%) - Rate: 23374/s - ETA: 0:00:12
2025-11-24 18:43:17,203 - [INFO] Bookings: 720,000/1,000,000 (72.0%) - Rate: 23361/s - ETA: 0:00:11
2025-11-24 18:43:17,655 - [INFO] Bookings: 730,000/1,000,000 (73.0%) - Rate: 23344/s - ETA: 0:00:11
2025-11-24 18:43:18,091 - [INFO] Bookings: 740,000/1,000,000 (74.0%) - Rate: 23338/s - ETA: 0:00:11
2025-11-24 18:43:18,564 - [INFO] Bookings: 750,000/1,000,000 (75.0%) - Rate: 23306/s - ETA: 0:00:10
2025-11-24 18:43:19,001 - [INFO] Bookings: 760,000/1,000,000 (76.0%) - Rate: 23300/s - ETA: 0:00:10
2025-11-24 18:43:19,445 - [INFO] Bookings: 770,000/1,000,000 (77.0%) - Rate: 23290/s - ETA: 0:00:09
2025-11-24 18:43:19,839 - [INFO] Bookings: 780,000/1,000,000 (78.0%) - Rate: 23314/s - ETA: 0:00:09
2025-11-24 18:43:20,225 - [INFO] Bookings: 790,000/1,000,000 (79.0%) - Rate: 23344/s - ETA: 0:00:08
2025-11-24 18:43:20,608 - [INFO] Bookings: 800,000/1,000,000 (80.0%) - Rate: 23375/s - ETA: 0:00:08
2025-11-24 18:43:21,014 - [INFO] Bookings: 810,000/1,000,000 (81.0%) - Rate: 23389/s - ETA: 0:00:08
2025-11-24 18:43:21,404 - [INFO] Bookings: 820,000/1,000,000 (82.0%) - Rate: 23414/s - ETA: 0:00:07
2025-11-24 18:43:21,791 - [INFO] Bookings: 830,000/1,000,000 (83.0%) - Rate: 23441/s - ETA: 0:00:07
2025-11-24 18:43:22,191 - [INFO] Bookings: 840,000/1,000,000 (84.0%) - Rate: 23458/s - ETA: 0:00:06
2025-11-24 18:43:22,567 - [INFO] Bookings: 850,000/1,000,000 (85.0%) - Rate: 23491/s - ETA: 0:00:06
2025-11-24 18:43:22,949 - [INFO] Bookings: 860,000/1,000,000 (86.0%) - Rate: 23519/s - ETA: 0:00:05
2025-11-24 18:43:23,335 - [INFO] Bookings: 870,000/1,000,000 (87.0%) - Rate: 23544/s - ETA: 0:00:05
2025-11-24 18:43:23,727 - [INFO] Bookings: 880,000/1,000,000 (88.0%) - Rate: 23565/s - ETA: 0:00:05
2025-11-24 18:43:24,101 - [INFO] Bookings: 890,000/1,000,000 (89.0%) - Rate: 23596/s - ETA: 0:00:04
2025-11-24 18:43:24,474 - [INFO] Bookings: 900,000/1,000,000 (90.0%) - Rate: 23628/s - ETA: 0:00:04
2025-11-24 18:43:24,844 - [INFO] Bookings: 910,000/1,000,000 (91.0%) - Rate: 23660/s - ETA: 0:00:03
2025-11-24 18:43:25,219 - [INFO] Bookings: 920,000/1,000,000 (92.0%) - Rate: 23689/s - ETA: 0:00:03
2025-11-24 18:43:25,598 - [INFO] Bookings: 930,000/1,000,000 (93.0%) - Rate: 23716/s - ETA: 0:00:02
2025-11-24 18:43:25,995 - [INFO] Bookings: 940,000/1,000,000 (94.0%) - Rate: 23731/s - ETA: 0:00:02
2025-11-24 18:43:26,394 - [INFO] Bookings: 950,000/1,000,000 (95.0%) - Rate: 23744/s - ETA: 0:00:02
2025-11-24 18:43:26,784 - [INFO] Bookings: 960,000/1,000,000 (96.0%) - Rate: 23762/s - ETA: 0:00:01
2025-11-24 18:43:27,164 - [INFO] Bookings: 970,000/1,000,000 (97.0%) - Rate: 23786/s - ETA: 0:00:01
2025-11-24 18:43:27,543 - [INFO] Bookings: 980,000/1,000,000 (98.0%) - Rate: 23810/s - ETA: 0:00:00
2025-11-24 18:43:27,921 - [INFO] Bookings: 990,000/1,000,000 (99.0%) - Rate: 23834/s - ETA: 0:00:00
2025-11-24 18:43:28,298 - [INFO] Bookings: 1,000,000/1,000,000 (100.0%) - Rate: 23858/s - ETA: 0:00:00
2025-11-24 18:43:28,298 - [INFO] ✓ Successfully inserted 1,000,000 bookings
2025-11-24 18:43:28,300 - [INFO] ======================================================================
2025-11-24 18:43:28,300 - [INFO] ✓ Seeding completed successfully!
2025-11-24 18:43:28,300 - [INFO] ======================================================================
