2025-11-24 18:32:40,188 - [INFO] ======================================================================
2025-11-24 18:32:40,188 - [INFO] TimescaleDB Large Dataset Seed Script
2025-11-24 18:32:40,188 - [INFO] ======================================================================
2025-11-24 18:32:40,188 - [INFO] Connecting to PostgreSQL...
2025-11-24 18:32:40,198 - [INFO] Connecting to TimescaleDB...
2025-11-24 18:32:40,205 - [INFO] Loading existing base data from PostgreSQL...
2025-11-24 18:32:40,212 - [INFO] Loaded 418 users
2025-11-24 18:32:40,214 - [INFO] Loaded 969 offerers
2025-11-24 18:32:40,217 - [INFO] Loaded 1008 venues
2025-11-24 18:32:40,221 - [INFO] Loaded 2136 offers
2025-11-24 18:32:40,232 - [INFO] Loaded 5525 stocks
2025-11-24 18:32:40,232 - [INFO] Target: 100,000 bookings | Batch size: 10,000
2025-11-24 18:32:40,585 - [INFO] Bookings generation: 10,000/100,000 (10.0%) - Rate: 28373/s - ETA: 0:00:03
2025-11-24 18:32:40,921 - [INFO] Bookings generation: 20,000/100,000 (20.0%) - Rate: 29034/s - ETA: 0:00:02
2025-11-24 18:32:41,292 - [INFO] Bookings generation: 30,000/100,000 (30.0%) - Rate: 28305/s - ETA: 0:00:02
2025-11-24 18:32:41,649 - [INFO] Bookings generation: 40,000/100,000 (40.0%) - Rate: 28245/s - ETA: 0:00:02
2025-11-24 18:32:42,028 - [INFO] Bookings generation: 50,000/100,000 (50.0%) - Rate: 27852/s - ETA: 0:00:01
2025-11-24 18:32:42,379 - [INFO] Bookings generation: 60,000/100,000 (60.0%) - Rate: 27951/s - ETA: 0:00:01
2025-11-24 18:32:42,745 - [INFO] Bookings generation: 70,000/100,000 (70.0%) - Rate: 27858/s - ETA: 0:00:01
2025-11-24 18:32:43,139 - [INFO] Bookings generation: 80,000/100,000 (80.0%) - Rate: 27520/s - ETA: 0:00:00
2025-11-24 18:32:43,521 - [INFO] Bookings generation: 90,000/100,000 (90.0%) - Rate: 27367/s - ETA: 0:00:00
2025-11-24 18:32:43,906 - [INFO] Bookings generation: 100,000/100,000 (100.0%) - Rate: 27223/s - ETA: 0:00:00
2025-11-24 18:32:43,906 - [INFO] ✓ Successfully inserted 100,000 bookings
2025-11-24 18:32:43,907 - [INFO] ======================================================================
2025-11-24 18:32:43,907 - [INFO] ✓ Seeding completed successfully!
2025-11-24 18:32:43,907 - [INFO] ======================================================================
